# JRE version: OpenJDK Runtime Environment OpenLogic-OpenJDK (17.0.12+7) (build 17.0.12+7-adhoc..jdk17u)
# Java VM: OpenJDK 64-Bit Server VM OpenLogic-OpenJDK (17.0.12+7-adhoc..jdk17u, mixed mode, sharing, tiered, compressed oops, compressed class ptrs, g1 gc, windows-amd64)
GC Precious Log:
 CPUs: 8 total, 8 available
 Memory: 15647M
 Large Page Support: Disabled
 NUMA Support: Disabled
 Compressed Oops: Enabled (32-bit)
 Heap Region Size: 1M
 Heap Min Capacity: 8M
 Heap Initial Capacity: 246M
 Heap Max Capacity: 2G
 Pre-touch: Disabled
 Parallel Workers: 8
 Concurrent Workers: 2
 Concurrent Refinement Workers: 8
 Periodic GC: Disabled
Heap:
 garbage-first heap   total 483328K, used 419513K [0x0000000080000000, 0x0000000100000000)
  region size 1024K, 29 young (29696K), 5 survivors (5120K)
 Metaspace       used 132361K, committed 134592K, reserved 557056K
  class space    used 17851K, committed 18880K, reserved 425984K
GC Heap History (20 events):
Event: 240.265 GC heap before
{Heap before GC invocations=104 (full 0):
 garbage-first heap   total 483328K, used 421354K [0x0000000080000000, 0x0000000100000000)
  region size 1024K, 59 young (60416K), 5 survivors (5120K)
 Metaspace       used 124232K, committed 126272K, reserved 557056K
  class space    used 17040K, committed 17984K, reserved 425984K
}
Event: 240.271 GC heap after
{Heap after GC invocations=105 (full 0):
 garbage-first heap   total 483328K, used 369497K [0x0000000080000000, 0x0000000100000000)
  region size 1024K, 6 young (6144K), 6 survivors (6144K)
 Metaspace       used 124232K, committed 126272K, reserved 557056K
  class space    used 17040K, committed 17984K, reserved 425984K
}
Event: 297.503 GC heap before
{Heap before GC invocations=105 (full 0):
 garbage-first heap   total 483328K, used 420697K [0x0000000080000000, 0x0000000100000000)
  region size 1024K, 57 young (58368K), 6 survivors (6144K)
 Metaspace       used 124525K, committed 126592K, reserved 557056K
  class space    used 17062K, committed 18048K, reserved 425984K
}
Event: 297.512 GC heap after
{Heap after GC invocations=106 (full 0):
 garbage-first heap   total 483328K, used 370762K [0x0000000080000000, 0x0000000100000000)
  region size 1024K, 6 young (6144K), 6 survivors (6144K)
 Metaspace       used 124525K, committed 126592K, reserved 557056K
  class space    used 17062K, committed 18048K, reserved 425984K
}
Event: 396.916 GC heap before
{Heap before GC invocations=106 (full 0):
 garbage-first heap   total 483328K, used 421962K [0x0000000080000000, 0x0000000100000000)
  region size 1024K, 57 young (58368K), 6 survivors (6144K)
 Metaspace       used 127548K, committed 129664K, reserved 557056K
  class space    used 17404K, committed 18368K, reserved 425984K
}
Event: 397.202 GC heap after
{Heap after GC invocations=107 (full 0):
 garbage-first heap   total 483328K, used 374161K [0x0000000080000000, 0x0000000100000000)
  region size 1024K, 7 young (7168K), 7 survivors (7168K)
 Metaspace       used 127548K, committed 129664K, reserved 557056K
  class space    used 17404K, committed 18368K, reserved 425984K
}
Event: 398.468 GC heap before
{Heap before GC invocations=107 (full 0):
 garbage-first heap   total 483328K, used 421265K [0x0000000080000000, 0x0000000100000000)
  region size 1024K, 54 young (55296K), 7 survivors (7168K)
 Metaspace       used 130964K, committed 133120K, reserved 557056K
  class space    used 17753K, committed 18752K, reserved 425984K
}
Event: 398.651 GC heap after
{Heap after GC invocations=108 (full 0):
 garbage-first heap   total 483328K, used 375414K [0x0000000080000000, 0x0000000100000000)
  region size 1024K, 2 young (2048K), 2 survivors (2048K)
 Metaspace       used 130964K, committed 133120K, reserved 557056K
  class space    used 17753K, committed 18752K, reserved 425984K
}
Event: 2013.199 GC heap before
{Heap before GC invocations=108 (full 0):
 garbage-first heap   total 483328K, used 423542K [0x0000000080000000, 0x0000000100000000)
  region size 1024K, 50 young (51200K), 2 survivors (2048K)
 Metaspace       used 131570K, committed 133632K, reserved 557056K
  class space    used 17771K, committed 18752K, reserved 425984K
}
Event: 2013.305 GC heap after
{Heap after GC invocations=109 (full 0):
 garbage-first heap   total 483328K, used 374828K [0x0000000080000000, 0x0000000100000000)
  region size 1024K, 2 young (2048K), 2 survivors (2048K)
 Metaspace       used 131570K, committed 133632K, reserved 557056K
  class space    used 17771K, committed 18752K, reserved 425984K
}
Event: 4683.857 GC heap before
{Heap before GC invocations=109 (full 0):
 garbage-first heap   total 483328K, used 425004K [0x0000000080000000, 0x0000000100000000)
  region size 1024K, 51 young (52224K), 2 survivors (2048K)
 Metaspace       used 131615K, committed 133696K, reserved 557056K
  class space    used 17771K, committed 18752K, reserved 425984K
}
Event: 4683.919 GC heap after
{Heap after GC invocations=110 (full 0):
 garbage-first heap   total 483328K, used 374793K [0x0000000080000000, 0x0000000100000000)
  region size 1024K, 2 young (2048K), 2 survivors (2048K)
 Metaspace       used 131615K, committed 133696K, reserved 557056K
  class space    used 17771K, committed 18752K, reserved 425984K
}
Event: 5342.792 GC heap before
{Heap before GC invocations=110 (full 0):
 garbage-first heap   total 483328K, used 427017K [0x0000000080000000, 0x0000000100000000)
  region size 1024K, 53 young (54272K), 2 survivors (2048K)
 Metaspace       used 131722K, committed 133824K, reserved 557056K
  class space    used 17780K, committed 18752K, reserved 425984K
}
Event: 5342.847 GC heap after
{Heap after GC invocations=111 (full 0):
 garbage-first heap   total 483328K, used 377117K [0x0000000080000000, 0x0000000100000000)
  region size 1024K, 4 young (4096K), 4 survivors (4096K)
 Metaspace       used 131722K, committed 133824K, reserved 557056K
  class space    used 17780K, committed 18752K, reserved 425984K
}
Event: 5347.966 GC heap before
{Heap before GC invocations=111 (full 0):
 garbage-first heap   total 483328K, used 427293K [0x0000000080000000, 0x0000000100000000)
  region size 1024K, 52 young (53248K), 4 survivors (4096K)
 Metaspace       used 131961K, committed 134080K, reserved 557056K
  class space    used 17796K, committed 18816K, reserved 425984K
}
Event: 5348.014 GC heap after
{Heap after GC invocations=112 (full 0):
 garbage-first heap   total 483328K, used 382804K [0x0000000080000000, 0x0000000100000000)
  region size 1024K, 7 young (7168K), 7 survivors (7168K)
 Metaspace       used 131961K, committed 134080K, reserved 557056K
  class space    used 17796K, committed 18816K, reserved 425984K
}
Event: 5355.074 GC heap before
{Heap before GC invocations=112 (full 0):
 garbage-first heap   total 483328K, used 422740K [0x0000000080000000, 0x0000000100000000)
  region size 1024K, 47 young (48128K), 7 survivors (7168K)
 Metaspace       used 132049K, committed 134208K, reserved 557056K
  class space    used 17801K, committed 18816K, reserved 425984K
}
Event: 5355.224 GC heap after
{Heap after GC invocations=113 (full 0):
 garbage-first heap   total 483328K, used 389408K [0x0000000080000000, 0x0000000100000000)
  region size 1024K, 6 young (6144K), 6 survivors (6144K)
 Metaspace       used 132049K, committed 134208K, reserved 557056K
  class space    used 17801K, committed 18816K, reserved 425984K
}
Event: 5357.631 GC heap before
{Heap before GC invocations=113 (full 0):
 garbage-first heap   total 483328K, used 421152K [0x0000000080000000, 0x0000000100000000)
  region size 1024K, 38 young (38912K), 6 survivors (6144K)
 Metaspace       used 132297K, committed 134528K, reserved 557056K
  class space    used 17851K, committed 18880K, reserved 425984K
}
Event: 5357.692 GC heap after
{Heap after GC invocations=114 (full 0):
 garbage-first heap   total 483328K, used 395961K [0x0000000080000000, 0x0000000100000000)
  region size 1024K, 5 young (5120K), 5 survivors (5120K)
 Metaspace       used 132297K, committed 134528K, reserved 557056K
  class space    used 17851K, committed 18880K, reserved 425984K
}

